<?xml version="1.0" encoding="UTF-8"?>
<!-- Generated by org.testng.reporters.JUnitReportReporter -->
<testsuite hostname="DESKTOP-56C0EHH" failures="0" tests="1" name="com.actitime.testcases.TC3_CreateWorkLogout" time="39.097" errors="0" timestamp="2023-06-02T12:41:04 IST" skipped="0">
  <testcase classname="com.actitime.testcases.TC3_CreateWorkLogout" name="creatework" time="39.097"/>
  <system-out/>
</testsuite> <!-- com.actitime.testcases.TC3_CreateWorkLogout -->
