<?xml version="1.0" encoding="UTF-8"?>
<!-- Generated by org.testng.reporters.JUnitReportReporter -->
<testsuite hostname="DESKTOP-56C0EHH" failures="0" tests="1" name="com.actitime.testcases.TC2_CreateCustomerLogout" time="39.377" errors="0" timestamp="2023-06-02T12:41:04 IST" skipped="0">
  <testcase classname="com.actitime.testcases.TC2_CreateCustomerLogout" name="createCustomer" time="39.377"/>
  <system-out/>
</testsuite> <!-- com.actitime.testcases.TC2_CreateCustomerLogout -->
